<?xml version="1.0" encoding="UTF-8"?>
<testng-results ignored="0" total="0" passed="0" failed="0" skipped="0">
  <reporter-output>
  </reporter-output>
  <suite started-at="2025-06-17T01:08:34 ICT" name="com.example.project.runners.LoginTestRunner" finished-at="2025-06-17T01:08:34 ICT" duration-ms="16">
    <groups>
    </groups>
    <test started-at="2025-06-17T01:08:34 ICT" name="Command line test" finished-at="2025-06-17T01:08:34 ICT" duration-ms="16">
    </test> <!-- Command line test -->
  </suite> <!-- com.example.project.runners.LoginTestRunner -->
</testng-results>
